<?xml version="1.0" encoding="UTF-8"?>
<testng-results total="1" passed="1" failed="0" skipped="0">
  <reporter-output>
  </reporter-output>
  <suite started-at="2023-07-26T11:19:53Z" name="Default suite" finished-at="2023-07-26T11:20:40Z" duration-ms="47819">
    <groups>
    </groups>
    <test started-at="2023-07-26T11:19:53Z" name="Default test" finished-at="2023-07-26T11:20:40Z" duration-ms="47819">
      <class name="com.inetbanking.testCases.TC_LoginTest_001">
        <test-method is-config="true" signature="setup()[pri:0, instance:com.inetbanking.testCases.TC_LoginTest_001@5c2375a9]" started-at="2023-07-26T04:19:53Z" name="setup" finished-at="2023-07-26T04:20:20Z" duration-ms="27072" status="PASS">
          <reporter-output>
          </reporter-output>
        </test-method> <!-- setup -->
        <test-method signature="loginTest()[pri:0, instance:com.inetbanking.testCases.TC_LoginTest_001@5c2375a9]" started-at="2023-07-26T04:20:20Z" name="loginTest" finished-at="2023-07-26T04:20:39Z" duration-ms="18854" status="PASS">
          <reporter-output>
          </reporter-output>
        </test-method> <!-- loginTest -->
        <test-method is-config="true" signature="tearDown()[pri:0, instance:com.inetbanking.testCases.TC_LoginTest_001@5c2375a9]" started-at="2023-07-26T04:20:39Z" name="tearDown" finished-at="2023-07-26T04:20:40Z" duration-ms="1845" status="PASS">
          <reporter-output>
          </reporter-output>
        </test-method> <!-- tearDown -->
      </class> <!-- com.inetbanking.testCases.TC_LoginTest_001 -->
    </test> <!-- Default test -->
  </suite> <!-- Default suite -->
</testng-results>
